<?xml version='1.0' encoding='UTF-8'?>
<testsuite hostname="manu-mac.local" name="io.bernhardt.typedpayment.ConfigurationSpec" tests="1" errors="0" failures="0" skipped="0" time="0.024">
                     <properties>
[...]
</properties>
                     <testcase classname="io.bernhardt.typedpayment.ConfigurationSpec" name="The Configuration actor should not find a configuration for an unknown merchant" time="0.024">
                                                 
                                               </testcase>
                     <system-out><![CDATA[]]></system-out>
                     <system-err><![CDATA[]]></system-err>
                   </testsuite>